Removed Pin From Net: NetName=24V_1 Pin=Header_1-1
Removed Pin From Net: NetName=GOM_GND_1 Pin=Header_1-2
Removed Pin From Net: NetName=24V_2 Pin=Header_2-1
Removed Pin From Net: NetName=GOM_GND_1 Pin=Header_2-2
Removed Pin From Net: NetName=GOM_GND_1 Pin=Header_3-2
Removed Member From Class: ClassName=TopV4 Member=Header_1
Removed Member From Class: ClassName=TopV4 Member=Header_2
Removed Member From Class: ClassName=TopV4 Member=Header_3
Added Component: Designator=Header-1(Header)
Add component. Clean all parameters for all variants
Added Component: Designator=Header-2(Header)
Add component. Clean all parameters for all variants
Added Component: Designator=Header-3(Header)
Add component. Clean all parameters for all variants
Added Pin To Net: NetName=24V_1 Pin=Header-1-1
Added Pin To Net: NetName=GOM_GND_1 Pin=Header-1-2
Added Pin To Net: NetName=24V_2 Pin=Header-2-1
Added Pin To Net: NetName=GOM_GND_1 Pin=Header-2-2
Added Pin To Net: NetName=24V_2 Pin=Header-3-1
Added Pin To Net: NetName=GOM_GND_1 Pin=Header-3-2
Added Member To Class: ClassName=TopV4 Member=Component Header-1 HighVoltageHeader
Added Member To Class: ClassName=TopV4 Member=Component Header-2 HighVoltageHeader
Added Member To Class: ClassName=TopV4 Member=Component Header-3 HighVoltageHeader
Added Room: Name=TopV4
