Added Component: Designator=Header_1(7Vto24V)
Add component. Clean all parameters for all variants
Added Component: Designator=Header_2(7Vto24V)
Add component. Clean all parameters for all variants
Added Pin To Net: NetName=GOM_GND_1 Pin=Header_1-2
Added Pin To Net: NetName=GOM_GND_1 Pin=Header_1-2
Added Pin To Net: NetName=GOM_GND_1 Pin=Header_2-2
Added Pin To Net: NetName=GOM_GND_1 Pin=Header_2-2
Added Pin To Net: NetName=VOUT_24V Pin=7Vto24V_1-3
Added Pin To Net: NetName=VOUT_24V Pin=7Vto24V_1-3
Added Pin To Net: NetName=VOUT_24V Pin=7Vto24V_2-3
Added Pin To Net: NetName=VOUT_24V Pin=7Vto24V_2-3
Added Pin To Net: NetName=VOUT_24V Pin=Header_1-1
Added Pin To Net: NetName=VOUT_24V Pin=Header_1-1
Added Pin To Net: NetName=VOUT_24V Pin=Header_2-1
Added Pin To Net: NetName=VOUT_24V Pin=Header_2-1
Added Net: Name=VOUT_24V
Added Member To Class: ClassName=TopV4 Member=Component Header_1 HighVoltageHeader
Added Member To Class: ClassName=TopV4 Member=Component Header_2 HighVoltageHeader
Added Room: Name=TopV4
